<?xml version="1.0" encoding="UTF-8"?>
<!-- Generated by org.testng.reporters.JUnitReportReporter -->
<testsuite hostname="LTIN487107" failures="0" tests="7" name="testCases.TC_001_Test_Cases" time="150.960" errors="0" timestamp="2024-03-27T11:39:34 IST" skipped="0">
  <testcase classname="testCases.TC_001_Test_Cases" name="navigatePage" time="1.232"/>
  <testcase classname="testCases.TC_001_Test_Cases" name="validateUser" time="14.415"/>
  <testcase classname="testCases.TC_001_Test_Cases" name="validationOfAroundCognizant" time="0.159"/>
  <testcase classname="testCases.TC_001_Test_Cases" name="newsAroundCognizantFirstPage" time="5.312"/>
  <testcase classname="testCases.TC_001_Test_Cases" name="clickSeeAll" time="5.259"/>
  <testcase classname="testCases.TC_001_Test_Cases" name="SecondPage" time="5.194"/>
  <testcase classname="testCases.TC_001_Test_Cases" name="top5News" time="119.389"/>
</testsuite> <!-- testCases.TC_001_Test_Cases -->
