<?xml version="1.0" encoding="UTF-8"?>
<!-- Generated by org.testng.reporters.JUnitReportReporter -->
<testsuite hostname="LTIN487107" failures="0" tests="6" name="testCases.TC_001_Verify_User" time="206.898" errors="0" timestamp="2024-03-28T17:58:41 IST" skipped="0">
  <testcase classname="testCases.TC_001_Verify_User" name="validateUser" time="55.976"/>
  <testcase classname="testCases.TC_001_Verify_User" name="validationOfAroundCognizant" time="0.079"/>
  <testcase classname="testCases.TC_001_Verify_User" name="newsAroundCognizantFirstPage" time="5.251"/>
  <testcase classname="testCases.TC_001_Verify_User" name="clickSeeAll" time="5.138"/>
  <testcase classname="testCases.TC_001_Verify_User" name="SecondPage" time="5.132"/>
  <testcase classname="testCases.TC_001_Verify_User" name="top5News" time="135.322"/>
</testsuite> <!-- testCases.TC_001_Verify_User -->
