<?xml version="1.0" encoding="UTF-8"?>
<!-- Generated by org.testng.reporters.JUnitReportReporter -->
<testsuite hostname="LTIN487107" failures="0" tests="3" name="testCases.TC_002_Around_Cognizant" time="0.006" errors="0" timestamp="2024-03-28T16:59:38 IST" skipped="0">
  <testcase classname="testCases.TC_002_Around_Cognizant" name="validationOfAroundCognizant" time="0.002"/>
  <testcase classname="testCases.TC_002_Around_Cognizant" name="newsAroundCognizantFirstPage" time="0.002"/>
  <testcase classname="testCases.TC_002_Around_Cognizant" name="clickSeeAll" time="0.002"/>
</testsuite> <!-- testCases.TC_002_Around_Cognizant -->
