<?xml version="1.0" encoding="UTF-8"?>
<!-- Generated by org.testng.reporters.JUnitReportReporter -->
<testsuite hostname="LTIN487107" failures="0" tests="2" name="testCases.TC_003_News" time="0.000" errors="0" timestamp="2024-03-28T12:29:45 IST" skipped="2">
  <testcase classname="testCases.TC_003_News" name="SecondPage" time="0.000">
    <skipped/>
  </testcase> <!-- SecondPage -->
  <testcase classname="testCases.TC_003_News" name="top5News" time="0.000">
    <skipped/>
  </testcase> <!-- top5News -->
</testsuite> <!-- testCases.TC_003_News -->
